{"/home/usuario/prct10-express-funko-app-JoseAngelGlz/src/http.ts": {"path":"/home/usuario/prct10-express-funko-app-JoseAngelGlz/src/http.ts","all":false,"statementMap":{"0":{"start":{"line":1,"column":0},"end":{"line":1,"column":30}},"2":{"start":{"line":3,"column":0},"end":{"line":3,"column":32}},"3":{"start":{"line":4,"column":0},"end":{"line":4,"column":19}},"4":{"start":{"line":5,"column":0},"end":{"line":5,"column":13}},"8":{"start":{"line":9,"column":0},"end":{"line":9,"column":6}},"9":{"start":{"line":10,"column":0},"end":{"line":10,"column":216}},"11":{"start":{"line":12,"column":0},"end":{"line":12,"column":65}},"12":{"start":{"line":13,"column":0},"end":{"line":13,"column":16}},"13":{"start":{"line":14,"column":0},"end":{"line":14,"column":75}},"14":{"start":{"line":15,"column":0},"end":{"line":15,"column":53}},"15":{"start":{"line":16,"column":0},"end":{"line":16,"column":65}},"16":{"start":{"line":17,"column":0},"end":{"line":17,"column":12}},"17":{"start":{"line":18,"column":0},"end":{"line":18,"column":36}},"18":{"start":{"line":19,"column":0},"end":{"line":19,"column":5}},"19":{"start":{"line":20,"column":0},"end":{"line":20,"column":5}},"20":{"start":{"line":21,"column":0},"end":{"line":21,"column":2}},"22":{"start":{"line":23,"column":0},"end":{"line":23,"column":28}},"23":{"start":{"line":24,"column":0},"end":{"line":24,"column":19}},"24":{"start":{"line":25,"column":0},"end":{"line":25,"column":13}},"28":{"start":{"line":29,"column":0},"end":{"line":29,"column":6}},"29":{"start":{"line":30,"column":0},"end":{"line":30,"column":142}},"31":{"start":{"line":32,"column":0},"end":{"line":32,"column":65}},"32":{"start":{"line":33,"column":0},"end":{"line":33,"column":16}},"33":{"start":{"line":34,"column":0},"end":{"line":34,"column":15}},"34":{"start":{"line":35,"column":0},"end":{"line":35,"column":62}},"35":{"start":{"line":36,"column":0},"end":{"line":36,"column":18}},"36":{"start":{"line":37,"column":0},"end":{"line":37,"column":8}},"37":{"start":{"line":38,"column":0},"end":{"line":38,"column":37}},"38":{"start":{"line":39,"column":0},"end":{"line":39,"column":15}},"39":{"start":{"line":40,"column":0},"end":{"line":40,"column":62}},"40":{"start":{"line":41,"column":0},"end":{"line":41,"column":18}},"41":{"start":{"line":42,"column":0},"end":{"line":42,"column":8}},"42":{"start":{"line":43,"column":0},"end":{"line":43,"column":12}},"43":{"start":{"line":44,"column":0},"end":{"line":44,"column":36}},"44":{"start":{"line":45,"column":0},"end":{"line":45,"column":5}},"45":{"start":{"line":46,"column":0},"end":{"line":46,"column":5}},"46":{"start":{"line":47,"column":0},"end":{"line":47,"column":2}},"48":{"start":{"line":49,"column":0},"end":{"line":49,"column":59}},"49":{"start":{"line":50,"column":0},"end":{"line":50,"column":17}},"50":{"start":{"line":51,"column":0},"end":{"line":51,"column":26}},"51":{"start":{"line":52,"column":0},"end":{"line":52,"column":25}},"52":{"start":{"line":53,"column":0},"end":{"line":53,"column":29}},"53":{"start":{"line":54,"column":0},"end":{"line":54,"column":57}},"54":{"start":{"line":55,"column":0},"end":{"line":55,"column":80}},"55":{"start":{"line":56,"column":0},"end":{"line":56,"column":74}},"56":{"start":{"line":57,"column":0},"end":{"line":57,"column":23}},"57":{"start":{"line":58,"column":0},"end":{"line":58,"column":32}},"58":{"start":{"line":59,"column":0},"end":{"line":59,"column":31}},"59":{"start":{"line":60,"column":0},"end":{"line":60,"column":20}},"60":{"start":{"line":61,"column":0},"end":{"line":61,"column":44}},"61":{"start":{"line":62,"column":0},"end":{"line":62,"column":67}},"62":{"start":{"line":63,"column":0},"end":{"line":63,"column":48}},"63":{"start":{"line":64,"column":0},"end":{"line":64,"column":10}},"64":{"start":{"line":65,"column":0},"end":{"line":65,"column":7}},"65":{"start":{"line":66,"column":0},"end":{"line":66,"column":7}},"66":{"start":{"line":67,"column":0},"end":{"line":67,"column":3}},"67":{"start":{"line":68,"column":0},"end":{"line":68,"column":3}}},"s":{"0":1,"2":1,"3":3,"4":3,"8":3,"9":3,"11":3,"12":3,"13":0,"14":3,"15":1,"16":3,"17":2,"18":2,"19":3,"20":3,"22":1,"23":3,"24":3,"28":3,"29":3,"31":3,"32":3,"33":0,"34":0,"35":0,"36":0,"37":3,"38":1,"39":1,"40":1,"41":1,"42":3,"43":2,"44":2,"45":3,"46":3,"48":1,"49":1,"50":0,"51":1,"52":1,"53":1,"54":1,"55":1,"56":1,"57":0,"58":1,"59":1,"60":1,"61":1,"62":1,"63":1,"64":1,"65":1,"66":1,"67":1},"branchMap":{"0":{"type":"branch","line":3,"loc":{"start":{"line":3,"column":31},"end":{"line":21,"column":2}},"locations":[{"start":{"line":3,"column":31},"end":{"line":21,"column":2}}]},"1":{"type":"branch","line":12,"loc":{"start":{"line":12,"column":36},"end":{"line":20,"column":3}},"locations":[{"start":{"line":12,"column":36},"end":{"line":20,"column":3}}]},"2":{"type":"branch","line":13,"loc":{"start":{"line":13,"column":15},"end":{"line":15,"column":15}},"locations":[{"start":{"line":13,"column":15},"end":{"line":15,"column":15}}]},"3":{"type":"branch","line":15,"loc":{"start":{"line":15,"column":52},"end":{"line":17,"column":11}},"locations":[{"start":{"line":15,"column":52},"end":{"line":17,"column":11}}]},"4":{"type":"branch","line":17,"loc":{"start":{"line":17,"column":4},"end":{"line":19,"column":5}},"locations":[{"start":{"line":17,"column":4},"end":{"line":19,"column":5}}]},"5":{"type":"branch","line":23,"loc":{"start":{"line":23,"column":27},"end":{"line":47,"column":2}},"locations":[{"start":{"line":23,"column":27},"end":{"line":47,"column":2}}]},"6":{"type":"branch","line":32,"loc":{"start":{"line":32,"column":36},"end":{"line":46,"column":3}},"locations":[{"start":{"line":32,"column":36},"end":{"line":46,"column":3}}]},"7":{"type":"branch","line":33,"loc":{"start":{"line":33,"column":15},"end":{"line":38,"column":15}},"locations":[{"start":{"line":33,"column":15},"end":{"line":38,"column":15}}]},"8":{"type":"branch","line":38,"loc":{"start":{"line":38,"column":36},"end":{"line":43,"column":11}},"locations":[{"start":{"line":38,"column":36},"end":{"line":43,"column":11}}]},"9":{"type":"branch","line":43,"loc":{"start":{"line":43,"column":4},"end":{"line":45,"column":5}},"locations":[{"start":{"line":43,"column":4},"end":{"line":45,"column":5}}]},"10":{"type":"branch","line":49,"loc":{"start":{"line":49,"column":33},"end":{"line":68,"column":3}},"locations":[{"start":{"line":49,"column":33},"end":{"line":68,"column":3}}]},"11":{"type":"branch","line":50,"loc":{"start":{"line":50,"column":16},"end":{"line":52,"column":13}},"locations":[{"start":{"line":50,"column":16},"end":{"line":52,"column":13}}]},"12":{"type":"branch","line":56,"loc":{"start":{"line":56,"column":44},"end":{"line":66,"column":5}},"locations":[{"start":{"line":56,"column":44},"end":{"line":66,"column":5}}]},"13":{"type":"branch","line":57,"loc":{"start":{"line":57,"column":22},"end":{"line":59,"column":17}},"locations":[{"start":{"line":57,"column":22},"end":{"line":59,"column":17}}]}},"b":{"0":[3],"1":[3],"2":[0],"3":[1],"4":[2],"5":[3],"6":[3],"7":[0],"8":[1],"9":[2],"10":[1],"11":[0],"12":[1],"13":[0]},"fnMap":{"0":{"name":"coordinatesInfo","decl":{"start":{"line":3,"column":31},"end":{"line":21,"column":2}},"loc":{"start":{"line":3,"column":31},"end":{"line":21,"column":2}},"line":3},"1":{"name":"weatherInfo","decl":{"start":{"line":23,"column":27},"end":{"line":47,"column":2}},"loc":{"start":{"line":23,"column":27},"end":{"line":47,"column":2}},"line":23}},"f":{"0":3,"1":3}}
}
